[585072] 0
[585073] 93
[pending] INSCRIPTIONS 北京市 08-17 23:16 -> 广东省高要市 08-18 14:38 353 4578
[pending] INSCRIPTIONS 河北省衡水市 07-30 10:40 -> 广东省高要市 07-30 14:38 204 2616
[pending] INSCRIPTIONS 北京市 07-10 23:16 -> 河北省衡水市 07-11 10:35 149 805
[pending] INSCRIPTIONS 广东省高要市 07-11 14:47 -> 河南省林州市 07-11 23:53 275 2247
[success] WHATplaceisbesieg 山西省高平市 08-16 22:09 -> 浙江省临海市 08-17 09:52 603 3414
[success] Thedelicioussingin 天津市 08-09 09:07 -> 山西省古交市 08-10 01:11 1884 15783
[success] Butstopandloiter 黑龙江省哈尔滨市 07-23 14:13 -> 新疆伊宁市 07-24 01:29 1413 1645
[pending] LeavesofGrass 山西省临汾市 08-01 01:19 -> 天津市 08-01 06:12 669 12529
[success] Theysurroundthesh 北京市 07-03 18:31 -> 湖北省宜昌市 07-04 07:53 271 3072
[pending] LeavesofGrass 甘肃省敦煌市 07-23 14:53 -> 甘肃省张掖市 07-23 23:36 659 529
[success] contingencies 福建省福州市 08-16 17:53 -> 湖北省随州市 08-17 04:29 1550 1335
[pending] LeavesofGrass 河北省三河市 07-21 02:40 -> 天津市 07-21 06:12 578 4007
[pending] LeavesofGrass 甘肃省敦煌市 07-26 14:53 -> 河北省三河市 07-27 02:36 753 10170
[success] Withwhistlingwinds 广东省南海市 08-19 10:58 -> 山西省晋城市 08-19 18:42 1458 11810
[success] ONESSELFIsinga 山东省高密市 06-18 02:15 -> 辽宁省抚顺市 06-18 14:08 1342 1675
[pending] LeavesofGrass 湖南省怀化市 06-27 16:48 -> 山西省临汾市 06-28 01:09 399 640
[pending] ThereforeIsendyou 辽宁省瓦房店市 06-07 11:38 -> 上海市 06-08 15:11 2775 3723
[pending] IHEARDthatyouask 四川省德阳市 06-28 01:03 -> 山西省介休市 06-28 21:42 3792 3159
[success] Andhowthesameine 河北省南宫市 07-06 18:12 -> 辽宁省凌海市 07-07 11:21 1553 12574
[success] crimeslessimporta 湖北省十堰市 07-31 06:35 -> 黑龙江省哈尔滨市 07-31 09:30 348 12499
[pending] INSCRIPTIONS 广东省高要市 08-02 14:47 -> 江西省瑞金市 08-02 16:05 11 4987
[pending] IHEARDthatyouask 江西省景德镇市 07-15 08:52 -> 辽宁省沈阳市 07-15 15:41 1107 2631
[success] Whohavetreatedof 河南省荥阳市 08-25 23:44 -> 北京市 08-26 00:19 223 15908
[pending] LeavesofGrass 广东省佛山市 06-23 07:41 -> 湖南省怀化市 06-23 16:42 1017 13247
[success] Thedelicioussingin 广东省云浮市 08-15 14:51 -> 山东省济南市 08-15 18:22 643 2330
[success] thefieldtheworld 山西省潞城市 08-14 01:39 -> 山西省朔州市 08-14 14:31 701 4737
[success] Theskyoerarchesh 河南省孟州市 06-29 14:39 -> 新疆伊宁市 06-30 02:19 1086 18466
[success] Knowstthounotthe 吉林省图们市 07-21 01:27 -> 天津市 07-21 05:36 98 2206
[pending] LeavesofGrass 广东省佛山市 06-27 07:41 -> 甘肃省张掖市 06-27 23:36 1413 11974
[success] Astomedirectingl 浙江省建德市 08-30 17:55 -> 湖南省株洲市 08-31 07:25 1521 2438
[success] Youtooasaloneba 黑龙江省绥化市 08-12 03:54 -> 广东省高明市 08-12 06:32 448 5263
[pending] IHEARDthatyouask 四川省德阳市 07-13 01:03 -> 辽宁省沈阳市 07-13 15:41 2570 3477
[success] Terribleinbeauty 天津市 06-30 01:03 -> 河南省孟州市 06-30 09:38 1226 5856
[pending] LeavesofGrass 广东省阳江市 06-23 03:29 -> 甘肃省敦煌市 06-23 14:43 874 10619
[success] Howtheyinuretoth 天津市 07-20 16:01 -> 浙江省海宁市 07-20 22:35 425 5311
[success] MetowardtheMexica 湖北省枣阳市 07-12 00:04 -> 重庆市南川市 07-12 04:36 1455 191
[success] Onitsbreastaship 辽宁省铁法市 06-07 23:09 -> 天津市 06-08 09:13 898 4784
[pending] LeavesofGrass 北京市 07-01 11:28 -> 甘肃省张掖市 07-01 23:36 1156 8490
[success] Infullrapportatl 安徽省蚌埠市 07-12 22:32 -> 吉林省集安市 07-13 05:50 841 9834
[success] Youtooasaloneba 黑龙江省佳木斯市 08-13 15:28 -> 广东省高明市 08-14 06:32 1487 18303
[success] INSCRIPTIONS 北京市 07-10 23:16 -> 福建省龙海市 07-11 03:21 114 1165
[pending] LeavesofGrass 北京市 07-24 11:28 -> 湖南省怀化市 07-24 16:42 760 1264
[success] Thissongformarine 山东省胶南市 08-21 13:50 -> 山西省朔州市 08-22 00:35 320 1113
[success] puzzletheNewWorld 辽宁省沈阳市 07-17 20:19 -> 北京市 07-18 20:16 733 1695
[success] LeavesofGrass 河北省三河市 07-06 02:40 -> 吉林省长春市 07-06 03:09 292 738
[success] songs 云南省瑞丽市 07-17 09:52 -> 辽宁省鞍山市 07-18 03:47 1202 8679
[pending] puzzletheNewWorld 辽宁省沈阳市 07-20 20:19 -> 北京市 07-21 20:16 733 18623
[pending] puzzletheNewWorld 辽宁省沈阳市 06-25 20:19 -> 内蒙霍林郭勒市 06-26 04:51 474 21730
[pending] IHEARDthatyouask 四川省德阳市 07-05 01:03 -> 重庆市永川市 07-05 17:55 2951 604
[success] LeavesofGrass 吉林省长春市 06-27 03:12 -> 天津市 06-27 06:12 286 11926
[success] Toconfrontnights 辽宁省沈阳市 07-02 00:51 -> 浙江省兰溪市 07-03 08:02 2408 6835
[success] Asawheelonitsax 辽宁省沈阳市 08-27 07:49 -> 河北省保定市 08-27 09:16 418 3482
[pending] LeavesofGrass 山西省临汾市 06-28 01:19 -> 河北省三河市 06-28 02:36 91 3460
[pending] LeavesofGrass 北京市 07-02 11:28 -> 天津市 07-03 06:12 1828 10594
[pending] puzzletheNewWorld 辽宁省沈阳市 08-28 20:19 -> 内蒙霍林郭勒市 08-29 04:51 474 5987
[success] himselfinhisownr 江苏省无锡市 08-18 04:00 -> 山东省昌邑市 08-18 10:23 578 4997
[pending] LeavesofGrass 河北省衡水市 07-28 21:28 -> 山西省临汾市 07-29 01:09 215 11382
[pending] puzzletheNewWorld 辽宁省沈阳市 07-10 20:19 -> 北京市 07-11 20:16 733 19545
[success] whatyouwanted 辽宁省凌海市 06-21 13:44 -> 吉林省长春市 06-21 17:34 1139 838
[success] puzzletheNewWorld 辽宁省沈阳市 07-15 20:19 -> 北京市 07-16 20:16 733 14888
[pending] INSCRIPTIONS 北京市 08-05 23:16 -> 河北省衡水市 08-06 10:35 149 2905
[pending] LeavesofGrass 山西省临汾市 07-08 01:19 -> 天津市 07-08 06:12 669 13115
[pending] INSCRIPTIONS 广东省高要市 08-15 14:47 -> 河南省林州市 08-15 23:53 275 5856
[success] ThereforeIsendyou 天津市 06-23 15:04 -> 广东省河源市 06-24 08:58 1973 1739
[success] IHEARDthatyouask 四川省德阳市 07-27 01:03 -> 黑龙江省海林市 07-27 03:38 476 3397
[success] IHEARDthatyouask 四川省华蓥市 07-20 11:36 -> 重庆市永川市 07-20 17:55 1261 1312
[pending] LeavesofGrass 北京市 07-03 11:28 -> 河北省衡水市 07-03 21:19 944 2731
[pending] puzzletheNewWorld 内蒙霍林郭勒市 08-27 05:01 -> 北京市 08-27 20:16 259 15654
[success] Withvastresultst 北京市 07-10 07:28 -> 重庆市江津市 07-10 18:10 206 14948
[success] YetutterthewordD 河南省孟州市 08-11 01:46 -> 吉林省榆树市 08-11 06:27 432 5657
[pending] INSCRIPTIONS 河北省衡水市 08-13 10:40 -> 河南省林州市 08-13 23:53 479 1775
[success] Iaboveallpromote 北京市 08-15 04:40 -> 辽宁省普兰店市 08-15 06:39 682 14549
[pending] LeavesofGrass 北京市 07-25 11:28 -> 山西省临汾市 07-26 01:09 1159 5860
[success] Notphysiognomyalon 山东省昌邑市 06-19 11:19 -> 辽宁省沈阳市 06-19 23:23 766 5499
[pending] INSCRIPTIONS 福建省龙海市 07-11 03:24 -> 河北省衡水市 07-11 10:35 35 4766
[pending] LeavesofGrass 广东省佛山市 08-06 07:41 -> 甘肃省敦煌市 08-06 14:43 754 8561
[pending] INSCRIPTIONS 广东省高要市 07-30 14:47 -> 河南省林州市 07-30 23:53 275 3805
[success] puzzletheNewWorld 辽宁省沈阳市 07-25 20:19 -> 内蒙霍林郭勒市 07-26 04:51 474 10881
[pending] LeavesofGrass 山西省临汾市 07-21 01:19 -> 天津市 07-21 06:12 669 11884
[success] LeavesofGrass 吉林省长春市 07-27 03:12 -> 天津市 07-27 06:12 286 9554
[pending] LeavesofGrass 甘肃省张掖市 07-23 23:46 -> 天津市 07-24 06:12 672 10488
[pending] INSCRIPTIONS 河北省衡水市 08-03 10:40 -> 河南省林州市 08-03 23:53 479 5019
[success] LeavesofGrass 河北省三河市 06-23 02:40 -> 吉林省长春市 06-23 03:09 292 11563
[success] Knowstthounotthe 福建省福鼎市 07-15 15:52 -> 天津市 07-16 05:36 697 2583
[pending] LeavesofGrass 北京市 07-20 11:28 -> 吉林省长春市 07-21 03:09 1542 5131
[pending] INSCRIPTIONS 北京市 07-16 23:16 -> 河南省林州市 07-17 23:53 628 2630
[pending] LeavesofGrass 甘肃省张掖市 08-03 23:46 -> 河北省三河市 08-04 02:36 94 2668
[refunded] LeavesofGrass 广东省佛山市 07-17 07:41 -> 河北省衡水市 07-17 21:19 1201 9450
[pending] LeavesofGrass 广东省阳江市 06-20 03:29 -> 湖南省怀化市 06-20 16:42 1137 7999
[pending] INSCRIPTIONS 福建省龙海市 08-06 03:24 -> 广东省高要市 08-06 14:38 239 3364
[pending] LeavesofGrass 甘肃省张掖市 07-16 23:46 -> 河北省三河市 07-17 02:36 94 9492
[success] LEAVESOFGRASS 广东省台山市 07-24 06:58 -> 山东省青岛市 07-25 10:30 2842 3067
[success] LeavesofGrass 湖南省怀化市 06-21 16:48 -> 天津市 06-22 06:12 1068 1452
